-------------------------------------------------------------------------------
Test set: org.example.testRunner.Runner
-------------------------------------------------------------------------------
Tests run: 12, Failures: 1, Errors: 0, Skipped: 0, Time elapsed: 249.355 s <<< FAILURE! - in org.example.testRunner.Runner
runScenario(org.example.testRunner.Runner)  Time elapsed: 18.677 s  <<< FAILURE!
java.lang.AssertionError: 
The following asserts failed:
	expected [true] but found [false]

